<?xml version="1.0" encoding="UTF-8"?>
<testsuite xmlns:xsi="http://www.w3.org/2001/XMLSchema-instance" xsi:noNamespaceSchemaLocation="https://maven.apache.org/surefire/maven-surefire-plugin/xsd/surefire-test-report-3.0.xsd" version="3.0" name="com.tales.leite.commons.abstracts.CustomListImplTest" time="0.038" tests="6" errors="0" skipped="0" failures="0">
  <properties>
[...]
</properties>
  <testcase name="testAdd" classname="com.tales.leite.commons.abstracts.CustomListImplTest" time="0.016"/>
  <testcase name="testGet" classname="com.tales.leite.commons.abstracts.CustomListImplTest" time="0.001"/>
  <testcase name="testSet" classname="com.tales.leite.commons.abstracts.CustomListImplTest" time="0.0"/>
  <testcase name="testSize" classname="com.tales.leite.commons.abstracts.CustomListImplTest" time="0.001"/>
  <testcase name="testAddAll" classname="com.tales.leite.commons.abstracts.CustomListImplTest" time="0.001"/>
  <testcase name="testRemove" classname="com.tales.leite.commons.abstracts.CustomListImplTest" time="0.001"/>
</testsuite>